<?xml version="1.0" encoding="UTF-8"?>
<testng-results skipped="0" failed="0" total="1" passed="1">
  <reporter-output>
  </reporter-output>
  <suite name="Default suite" duration-ms="9358" started-at="2022-09-19T04:54:24Z" finished-at="2022-09-19T04:54:33Z">
    <groups>
    </groups>
    <test name="Default test" duration-ms="9358" started-at="2022-09-19T04:54:24Z" finished-at="2022-09-19T04:54:33Z">
      <class name="PomTestprograms.Facebook_Using_Pom">
        <test-method status="PASS" signature="openApplictn()[pri:0, instance:PomTestprograms.Facebook_Using_Pom@3bfdc050]" name="openApplictn" is-config="true" duration-ms="6446" started-at="2022-09-19T10:24:24Z" finished-at="2022-09-19T10:24:30Z">
          <reporter-output>
          </reporter-output>
        </test-method> <!-- openApplictn -->
        <test-method status="PASS" signature="validLogin()[pri:0, instance:PomTestprograms.Facebook_Using_Pom@3bfdc050]" name="validLogin" duration-ms="521" started-at="2022-09-19T10:24:30Z" finished-at="2022-09-19T10:24:31Z">
          <reporter-output>
          </reporter-output>
        </test-method> <!-- validLogin -->
        <test-method status="PASS" signature="closeApplictn()[pri:0, instance:PomTestprograms.Facebook_Using_Pom@3bfdc050]" name="closeApplictn" is-config="true" duration-ms="2351" started-at="2022-09-19T10:24:31Z" finished-at="2022-09-19T10:24:33Z">
          <reporter-output>
          </reporter-output>
        </test-method> <!-- closeApplictn -->
      </class> <!-- PomTestprograms.Facebook_Using_Pom -->
    </test> <!-- Default test -->
  </suite> <!-- Default suite -->
</testng-results>
