<?xml version="1.0" encoding="UTF-8"?>
<!-- Generated by org.testng.reporters.JUnitXMLReporter -->
<testsuite hostname="DESKTOP-JQMO8QN" name="Test" tests="5" failures="0" timestamp="12 Sep 2022 07:27:22 GMT" time="0.075" errors="0">
  <testcase name="test1" time="0.017" classname="Testngconcepts.Demo1"/>
  <testcase name="test2" time="0.004" classname="Testngconcepts.Demo1"/>
  <testcase name="test3" time="0.004" classname="Testngconcepts.Demo2"/>
  <testcase name="test4" time="0.003" classname="Testngconcepts.Demo3"/>
  <testcase name="test5" time="0.002" classname="Testngconcepts.Demo4"/>
</testsuite> <!-- Test -->
